<?xml version="1.0" encoding="UTF-8"?>
<coverage generated="1642006055804" clover="3.2.0">
  <project timestamp="1642006055804" name="All files">
    <metrics statements="52" coveredstatements="50" conditionals="22" coveredconditionals="20" methods="7" coveredmethods="6" elements="81" coveredelements="76" complexity="0" loc="52" ncloc="52" packages="1" files="4" classes="4"/>
    <file name="certToPem.js" path="/home/bergurh/vinna/island.is-login/lib/certToPem.js">
      <metrics statements="8" coveredstatements="8" conditionals="4" coveredconditionals="4" methods="1" coveredmethods="1"/>
      <line num="1" count="2" type="stmt"/>
      <line num="2" count="5" type="stmt"/>
      <line num="4" count="5" type="cond" truecount="2" falsecount="0"/>
      <line num="5" count="4" type="stmt"/>
      <line num="8" count="5" type="cond" truecount="2" falsecount="0"/>
      <line num="9" count="4" type="stmt"/>
      <line num="12" count="5" type="stmt"/>
      <line num="15" count="2" type="stmt"/>
    </file>
    <file name="getUser.js" path="/home/bergurh/vinna/island.is-login/lib/getUser.js">
      <metrics statements="8" coveredstatements="8" conditionals="4" coveredconditionals="4" methods="1" coveredmethods="1"/>
      <line num="8" count="1" type="stmt"/>
      <line num="9" count="3" type="cond" truecount="4" falsecount="0"/>
      <line num="10" count="2" type="stmt"/>
      <line num="13" count="1" type="stmt"/>
      <line num="14" count="1" type="stmt"/>
      <line num="15" count="2" type="stmt"/>
      <line num="18" count="1" type="stmt"/>
      <line num="21" count="1" type="stmt"/>
    </file>
    <file name="verifyMessage.js" path="/home/bergurh/vinna/island.is-login/lib/verifyMessage.js">
      <metrics statements="13" coveredstatements="13" conditionals="12" coveredconditionals="11" methods="1" coveredmethods="1"/>
      <line num="6" count="1" type="stmt"/>
      <line num="7" count="8" type="stmt"/>
      <line num="9" count="8" type="cond" truecount="2" falsecount="0"/>
      <line num="10" count="1" type="stmt"/>
      <line num="13" count="7" type="cond" truecount="2" falsecount="0"/>
      <line num="14" count="1" type="stmt"/>
      <line num="17" count="6" type="cond" truecount="2" falsecount="0"/>
      <line num="18" count="1" type="stmt"/>
      <line num="21" count="5" type="cond" truecount="1" falsecount="1"/>
      <line num="22" count="5" type="cond" truecount="4" falsecount="0"/>
      <line num="23" count="3" type="stmt"/>
      <line num="26" count="2" type="stmt"/>
      <line num="29" count="1" type="stmt"/>
    </file>
    <file name="verifyXMLSignature.js" path="/home/bergurh/vinna/island.is-login/lib/verifyXMLSignature.js">
      <metrics statements="23" coveredstatements="21" conditionals="2" coveredconditionals="1" methods="4" coveredmethods="3"/>
      <line num="6" count="1" type="stmt"/>
      <line num="7" count="1" type="stmt"/>
      <line num="8" count="1" type="stmt"/>
      <line num="9" count="1" type="stmt"/>
      <line num="11" count="1" type="stmt"/>
      <line num="12" count="1" type="stmt"/>
      <line num="13" count="1" type="stmt"/>
      <line num="17" count="1" type="stmt"/>
      <line num="18" count="1" type="stmt"/>
      <line num="19" count="1" type="stmt"/>
      <line num="21" count="1" type="stmt"/>
      <line num="22" count="1" type="stmt"/>
      <line num="23" count="1" type="stmt"/>
      <line num="25" count="1" type="cond" truecount="1" falsecount="1"/>
      <line num="26" count="1" type="stmt"/>
      <line num="29" count="0" type="stmt"/>
      <line num="36" count="1" type="stmt"/>
      <line num="37" count="1" type="stmt"/>
      <line num="38" count="1" type="stmt"/>
      <line num="39" count="0" type="stmt"/>
      <line num="42" count="1" type="stmt"/>
      <line num="43" count="1" type="stmt"/>
      <line num="47" count="1" type="stmt"/>
    </file>
  </project>
</coverage>
