TN:
SF:lib/certToPem.js
FN:1,(anonymous_0)
FNF:1
FNH:1
FNDA:5,(anonymous_0)
DA:1,2
DA:2,5
DA:4,5
DA:5,4
DA:8,5
DA:9,4
DA:12,5
DA:15,2
LF:8
LH:8
BRDA:4,0,0,4
BRDA:4,0,1,1
BRDA:8,1,0,4
BRDA:8,1,1,1
BRF:4
BRH:4
end_of_record
TN:
SF:lib/getUser.js
FN:8,(anonymous_0)
FNF:1
FNH:1
FNDA:3,(anonymous_0)
DA:8,1
DA:9,3
DA:10,2
DA:13,1
DA:14,1
DA:15,2
DA:18,1
DA:21,1
LF:8
LH:8
BRDA:9,0,0,2
BRDA:9,0,1,1
BRDA:9,1,0,3
BRDA:9,1,1,2
BRF:4
BRH:4
end_of_record
TN:
SF:lib/verifyMessage.js
FN:6,(anonymous_0)
FNF:1
FNH:1
FNDA:8,(anonymous_0)
DA:6,1
DA:7,8
DA:9,8
DA:10,1
DA:13,7
DA:14,1
DA:17,6
DA:18,1
DA:21,5
DA:22,5
DA:23,3
DA:26,2
DA:29,1
LF:13
LH:13
BRDA:9,0,0,1
BRDA:9,0,1,7
BRDA:13,1,0,1
BRDA:13,1,1,6
BRDA:17,2,0,1
BRDA:17,2,1,5
BRDA:21,3,0,5
BRDA:21,3,1,0
BRDA:22,4,0,3
BRDA:22,4,1,2
BRDA:22,5,0,5
BRDA:22,5,1,4
BRF:12
BRH:11
end_of_record
TN:
SF:lib/verifyXMLSignature.js
FN:11,(anonymous_0)
FN:36,(anonymous_1)
FN:38,(anonymous_2)
FN:42,(anonymous_3)
FNF:4
FNH:3
FNDA:1,(anonymous_0)
FNDA:1,(anonymous_1)
FNDA:0,(anonymous_2)
FNDA:1,(anonymous_3)
DA:6,1
DA:7,1
DA:8,1
DA:9,1
DA:11,1
DA:12,1
DA:13,1
DA:17,1
DA:18,1
DA:19,1
DA:21,1
DA:22,1
DA:23,1
DA:25,1
DA:26,1
DA:29,0
DA:36,1
DA:37,1
DA:38,1
DA:39,0
DA:42,1
DA:43,1
DA:47,1
LF:23
LH:21
BRDA:25,0,0,1
BRDA:25,0,1,0
BRF:2
BRH:1
end_of_record
